app/build/intermediates/manifest_merge_blame_file/debug/manifest-merger-blame-debug-report.txt
1<?xml version="1.0" encoding="utf-8"?>
2<manifest xmlns:android="http://schemas.android.com/apk/res/android"
3    package="com.tejeet.tataclicq_clone"
4    android:versionCode="1"
5    android:versionName="1.0" >
6
7    <uses-sdk
8        android:minSdkVersion="23"
8-->src\main\AndroidManifest.xml
9        android:targetSdkVersion="30" />
9-->src\main\AndroidManifest.xml
10
11    <uses-permission android:name="android.permission.ACCESS_NETWORK_STATE" />
11-->src\main\AndroidManifest.xml:5:5-79
11-->src\main\AndroidManifest.xml:5:22-76
12    <uses-permission android:name="android.permission.VIBRATE" />
12-->src\main\AndroidManifest.xml:6:5-66
12-->src\main\AndroidManifest.xml:6:22-63
13    <uses-permission android:name="android.permission.INTERNET" />
13-->src\main\AndroidManifest.xml:7:5-67
13-->src\main\AndroidManifest.xml:7:22-64
14    <uses-permission android:name="android.permission.ACCESS_WIFI_STATE" />
14-->src\main\AndroidManifest.xml:8:5-76
14-->src\main\AndroidManifest.xml:8:22-73
15
16    <application
16-->src\main\AndroidManifest.xml:10:5-35:19
17        android:allowBackup="true"
17-->src\main\AndroidManifest.xml:11:9-35
18        android:appComponentFactory="androidx.core.app.CoreComponentFactory"
18-->[androidx.core:core:1.3.1] AndroidManifest.xml:24:18-86
19        android:debuggable="true"
20        android:extractNativeLibs="false"
21        android:icon="@drawable/launcher_logo"
21-->src\main\AndroidManifest.xml:12:9-47
22        android:label="@string/app_name"
22-->src\main\AndroidManifest.xml:13:9-42
23        android:roundIcon="@drawable/launcher_logo"
23-->src\main\AndroidManifest.xml:14:9-52
24        android:supportsRtl="true"
24-->src\main\AndroidManifest.xml:15:9-35
25        android:testOnly="true"
26        android:theme="@style/Theme.TataClicq_Clone"
26-->src\main\AndroidManifest.xml:16:9-53
27        android:usesCleartextTraffic="true" >
27-->src\main\AndroidManifest.xml:17:9-44
28        <activity
28-->src\main\AndroidManifest.xml:18:9-19:75
29            android:name="com.tejeet.tataclicq_clone.SignupActivity"
29-->src\main\AndroidManifest.xml:18:19-49
30            android:theme="@style/Theme.AppCompat.DayNight.NoActionBar" />
30-->src\main\AndroidManifest.xml:19:13-72
31        <activity
31-->src\main\AndroidManifest.xml:20:9-22:75
32            android:name="com.tejeet.tataclicq_clone.LoginActivity"
32-->src\main\AndroidManifest.xml:21:13-42
33            android:theme="@style/Theme.AppCompat.DayNight.NoActionBar" />
33-->src\main\AndroidManifest.xml:22:13-72
34        <activity android:name="com.tejeet.tataclicq_clone.Products" />
34-->src\main\AndroidManifest.xml:23:9-46
34-->src\main\AndroidManifest.xml:23:19-43
35        <activity android:name="com.tejeet.tataclicq_clone.ProductDetails" />
35-->src\main\AndroidManifest.xml:24:9-52
35-->src\main\AndroidManifest.xml:24:19-49
36        <activity
36-->src\main\AndroidManifest.xml:25:9-33:20
37            android:name="com.tejeet.tataclicq_clone.SplashScreen"
37-->src\main\AndroidManifest.xml:26:13-41
38            android:theme="@style/Theme.MaterialComponents.DayNight.NoActionBar" >
38-->src\main\AndroidManifest.xml:27:13-81
39            <intent-filter>
39-->src\main\AndroidManifest.xml:28:13-32:29
40                <action android:name="android.intent.action.MAIN" />
40-->src\main\AndroidManifest.xml:29:17-69
40-->src\main\AndroidManifest.xml:29:25-66
41
42                <category android:name="android.intent.category.LAUNCHER" />
42-->src\main\AndroidManifest.xml:31:17-77
42-->src\main\AndroidManifest.xml:31:27-74
43            </intent-filter>
44        </activity>
45        <activity android:name="com.tejeet.tataclicq_clone.MainActivity" />
45-->src\main\AndroidManifest.xml:34:9-50
45-->src\main\AndroidManifest.xml:34:19-47
46    </application>
47
48</manifest>